mmap(NULL, 8192, PROT_READ|PROT_WRITE, MAP_PRIVATE|MAP_ANONYMOUS, -1, 0) = 0x712abde82000
openat(AT_FDCWD, "/etc/ld.so.cache", O_RDONLY|O_CLOEXEC) = 3
mmap(NULL, 60663, PROT_READ, MAP_PRIVATE, 3, 0) = 0x712abde73000
openat(AT_FDCWD, "/lib/x86_64-linux-gnu/libc.so.6", O_RDONLY|O_CLOEXEC) = 3
read(3, "\177ELF\2\1\1\3\0\0\0\0\0\0\0\0\3\0>\0\1\0\0\0P\237\2\0\0\0\0\0"..., 832) = 832
mmap(NULL, 2264656, PROT_READ, MAP_PRIVATE|MAP_DENYWRITE, 3, 0) = 0x712abdc00000
mmap(0x712abdc28000, 1658880, PROT_READ|PROT_EXEC, MAP_PRIVATE|MAP_FIXED|MAP_DENYWRITE, 3, 0x28000) = 0x712abdc28000
mmap(0x712abddbd000, 360448, PROT_READ, MAP_PRIVATE|MAP_FIXED|MAP_DENYWRITE, 3, 0x1bd000) = 0x712abddbd000
mmap(0x712abde16000, 24576, PROT_READ|PROT_WRITE, MAP_PRIVATE|MAP_FIXED|MAP_DENYWRITE, 3, 0x215000) = 0x712abde16000
mmap(0x712abde1c000, 52816, PROT_READ|PROT_WRITE, MAP_PRIVATE|MAP_FIXED|MAP_ANONYMOUS, -1, 0) = 0x712abde1c000
mmap(NULL, 12288, PROT_READ|PROT_WRITE, MAP_PRIVATE|MAP_ANONYMOUS, -1, 0) = 0x712abde70000
openat(AT_FDCWD, "REQ_PIPE_28253", O_RDONLY) = 3
openat(AT_FDCWD, "RESP_PIPE_28253", O_WRONLY) = 4
read(3, "C", 1)                         = 1
read(3, "R", 1)                         = 1
read(3, "E", 1)                         = 1
read(3, "A", 1)                         = 1
read(3, "T", 1)                         = 1
read(3, "E", 1)                         = 1
read(3, "_", 1)                         = 1
read(3, "S", 1)                         = 1
read(3, "H", 1)                         = 1
read(3, "M", 1)                         = 1
read(3, "#", 1)                         = 1
read(3, "\220ID\0", 4)                  = 4
openat(AT_FDCWD, "/dev/shm/bAq7qS5", O_RDWR|O_CREAT|O_NOFOLLOW|O_CLOEXEC, 0664) = 5
mmap(NULL, 4475280, PROT_READ|PROT_WRITE, MAP_SHARED, 5, 0) = 0x712abd7bb000
read(3, "M", 1)                         = 1
read(3, "A", 1)                         = 1
read(3, "P", 1)                         = 1
read(3, "_", 1)                         = 1
read(3, "F", 1)                         = 1
read(3, "I", 1)                         = 1
read(3, "L", 1)                         = 1
read(3, "E", 1)                         = 1
read(3, "#", 1)                         = 1
read(3, "t", 1)                         = 1
read(3, "e", 1)                         = 1
read(3, "s", 1)                         = 1
read(3, "t", 1)                         = 1
read(3, "_", 1)                         = 1
read(3, "r", 1)                         = 1
read(3, "o", 1)                         = 1
read(3, "o", 1)                         = 1
read(3, "t", 1)                         = 1
read(3, "/", 1)                         = 1
read(3, "L", 1)                         = 1
read(3, "z", 1)                         = 1
read(3, "y", 1)                         = 1
read(3, "6", 1)                         = 1
read(3, "B", 1)                         = 1
read(3, "9", 1)                         = 1
read(3, "i", 1)                         = 1
read(3, "N", 1)                         = 1
read(3, "h", 1)                         = 1
read(3, "p", 1)                         = 1
read(3, ".", 1)                         = 1
read(3, "L", 1)                         = 1
read(3, "1", 1)                         = 1
read(3, "r", 1)                         = 1
read(3, "#", 1)                         = 1
openat(AT_FDCWD, "test_root/Lzy6B9iNhp.L1r", O_RDONLY) = 6
mmap(NULL, 57570, PROT_READ, MAP_SHARED, 6, 0) = 0x712abde73000
read(3, "R", 1)                         = 1
read(3, "E", 1)                         = 1
read(3, "A", 1)                         = 1
read(3, "D", 1)                         = 1
read(3, "_", 1)                         = 1
read(3, "F", 1)                         = 1
read(3, "R", 1)                         = 1
read(3, "O", 1)                         = 1
read(3, "M", 1)                         = 1
read(3, "_", 1)                         = 1
read(3, "L", 1)                         = 1
read(3, "O", 1)                         = 1
read(3, "G", 1)                         = 1
read(3, "I", 1)                         = 1
read(3, "C", 1)                         = 1
read(3, "A", 1)                         = 1
read(3, "L", 1)                         = 1
read(3, "_", 1)                         = 1
read(3, "S", 1)                         = 1
read(3, "P", 1)                         = 1
read(3, "A", 1)                         = 1
read(3, "C", 1)                         = 1
read(3, "E", 1)                         = 1
read(3, "_", 1)                         = 1
read(3, "O", 1)                         = 1
read(3, "F", 1)                         = 1
read(3, "F", 1)                         = 1
read(3, "S", 1)                         = 1
read(3, "E", 1)                         = 1
read(3, "T", 1)                         = 1
read(3, "#", 1)                         = 1
read(3, "\345\0\0\0", 4)                = 4
read(3, "d\5\0\0", 4)                   = 4
read(3, "E", 1)                         = 1
read(3, "X", 1)                         = 1
read(3, "I", 1)                         = 1
read(3, "T", 1)                         = 1
read(3, "#", 1)                         = 1
+++ exited with 0 +++
